29-01-2024 12:46:23 INFO Starting connection
29-01-2024 12:46:23 INFO Closing connection
29-01-2024 12:48:33 INFO Starting connection
29-01-2024 12:48:33 INFO Connection Succesful.
 [(66, 'ABC', 'PUNE')]
29-01-2024 12:48:33 INFO Closing connection
29-01-2024 12:58:01 INFO Starting connection
29-01-2024 12:58:01 INFO Connection Succesful.
 [(66, 'ABC', 'PUNE')]
29-01-2024 12:58:01 INFO Closing connection
29-01-2024 12:58:01 INFO Connection Started
29-01-2024 12:58:01 INFO Connection Successful
29-01-2024 12:58:01 INFO    CUSTID CNAME  CLOC
0      66   ABC  PUNE
1      77   PQR   HYD
29-01-2024 12:58:01 INFO Connection Closed
29-01-2024 13:00:57 INFO Connection Started
29-01-2024 13:00:57 INFO Connection Successful
29-01-2024 13:00:57 INFO    CUSTID CNAME  CLOC
0      66   ABC  PUNE
1      77   PQR   HYD
29-01-2024 13:00:57 INFO Connection Closed
29-01-2024 13:02:02 INFO Connection Started
29-01-2024 13:02:02 INFO Connection Successful
29-01-2024 13:02:02 INFO    CUSTID CNAME  CLOC
0      66   ABC  PUNE
1      77   PQR   HYD
29-01-2024 13:02:02 INFO Connection Closed
30-01-2024 10:49:56 INFO Starting connection
30-01-2024 10:49:56 INFO Connection Succesful.
 [(66, 'ABC', 'PUNE')]
30-01-2024 10:49:56 INFO Closing connection
30-01-2024 10:49:56 INFO Connection Started
30-01-2024 10:49:56 INFO Connection Successful
30-01-2024 10:49:56 INFO    CUSTID CNAME  CLOC
0      66   ABC  PUNE
1      77   PQR   HYD
30-01-2024 10:49:56 INFO Connection Closed
30-01-2024 11:44:52 INFO Starting connection
30-01-2024 11:44:52 INFO Connection Succesful.
 [(66, 'ABC', 'PUNE')]
30-01-2024 11:44:52 INFO Closing connection
30-01-2024 11:44:52 INFO Connection Started
30-01-2024 11:44:52 INFO Connection Successful
30-01-2024 11:44:52 INFO    CUSTID CNAME  CLOC
0      66   ABC  PUNE
1      77   PQR   HYD
30-01-2024 11:44:52 INFO Connection Closed
2024-01-30 12:08:55,422:execute:Create MYSQL connection
2024-01-30 12:08:55,443:execute:Connection Successful
2024-01-30 12:08:55,443:execute:[(66, 'ABC', 'PUNE')]
2024-01-30 12:08:55,443:execute:Creating MYSQL connection with SQL Alchemy
2024-01-30 12:08:55,630:execute:Connection Successful
2024-01-30 12:08:55,631:execute:   CUSTID CNAME  CLOC
0      66   ABC  PUNE
1      77   PQR   HYD
2024-01-30 12:08:55,644:execute:Retrying Connection
2024-01-30 12:09:01,716:execute:Retrying Connection using tenacity
2024-01-30 12:09:01,738:execute:{'start_time': 179895.171, 'attempt_number': 1, 'idle_for': 0}
2024-01-30 12:15:59,762:execute:Create MYSQL connection
2024-01-30 12:15:59,776:execute:Connection Successful
2024-01-30 12:15:59,776:execute:[(66, 'ABC', 'PUNE')]
2024-01-30 12:15:59,776:execute:Creating MYSQL connection with SQL Alchemy
2024-01-30 12:15:59,851:execute:Connection Successful
2024-01-30 12:15:59,852:execute:   CUSTID CNAME  CLOC
0      66   ABC  PUNE
1      77   PQR   HYD
2024-01-30 12:15:59,859:execute:Retrying Connection using tenacity
2024-01-30 12:16:03,906:execute:{'start_time': 180313.312, 'attempt_number': 3, 'idle_for': 4.0, 'delay_since_first_attempt': 4.030999999988126}
2024-01-30 12:19:46,992:execute:Create MYSQL connection
2024-01-30 12:19:47,019:execute:Connection Successful
2024-01-30 12:19:47,019:execute:[(66, 'ABC', 'PUNE')]
2024-01-30 12:19:47,019:execute:Creating MYSQL connection with SQL Alchemy
2024-01-30 12:19:47,149:execute:Connection Successful
2024-01-30 12:19:47,149:execute:   CUSTID CNAME  CLOC
0      66   ABC  PUNE
1      77   PQR   HYD
2024-01-30 12:19:47,156:execute:Retrying Connection using tenacity
2024-01-30 12:19:51,196:execute:{'start_time': 180540.609, 'attempt_number': 3, 'idle_for': 4.0, 'delay_since_first_attempt': 4.01600000000326}
2024-01-30 12:21:23,605:execute:Create MYSQL connection
2024-01-30 12:21:23,626:execute:Connection Successful
2024-01-30 12:21:23,626:execute:[(66, 'ABC', 'PUNE')]
2024-01-30 12:21:23,627:execute:Creating MYSQL connection with SQL Alchemy
2024-01-30 12:21:23,762:execute:Connection Successful
2024-01-30 12:21:23,762:execute:   CUSTID CNAME  CLOC
0      66   ABC  PUNE
1      77   PQR   HYD
2024-01-30 12:21:23,772:execute:Retrying Connection using tenacity
2024-01-30 12:21:23,782:execute:Connection Successful
2024-01-30 12:21:23,782:execute:{'start_time': 180637.218, 'attempt_number': 1, 'idle_for': 0}
2024-01-30 12:22:07,934:execute:Create MYSQL connection
2024-01-30 12:22:08,003:execute:Connection Successful
2024-01-30 12:22:08,004:execute:[(66, 'ABC', 'PUNE')]
2024-01-30 12:22:08,005:execute:Creating MYSQL connection with SQL Alchemy
2024-01-30 12:22:08,123:execute:Connection Successful
2024-01-30 12:22:08,123:execute:   CUSTID CNAME  CLOC
0      66   ABC  PUNE
1      77   PQR   HYD
2024-01-30 12:22:08,130:execute:Retrying Connection using tenacity
2024-01-30 12:22:08,139:execute:Connection Successful
2024-01-30 12:22:08,159:execute:{'start_time': 180681.578, 'attempt_number': 1, 'idle_for': 0}
2024-01-30 12:25:50,021:execute:Create MYSQL connection
2024-01-30 12:25:50,043:execute:Connection Successful
2024-01-30 12:25:50,043:execute:[(66, 'ABC', 'PUNE')]
2024-01-30 12:25:50,043:execute:Creating MYSQL connection with SQL Alchemy
2024-01-30 12:25:50,171:execute:Connection Successful
2024-01-30 12:25:50,171:execute:   CUSTID CNAME  CLOC
0      66   ABC  PUNE
1      77   PQR   HYD
2024-01-30 12:25:50,179:execute:Retrying Connection using tenacity
2024-01-30 12:25:50,186:execute:Connection Successful
2024-01-30 12:25:50,187:execute:{'start_time': 180903.625, 'attempt_number': 1, 'idle_for': 0}
